빌드 시작: 2018-09-04 오후 11:36:54
     1>2 노드의 "G:\개발\DataStructure\BubbleSort\BubbleSort.vcxproj" 프로젝트(Build 대상)입니다.
     1>InitializeBuildStatus:
         "Release\BubbleSort.tlog\unsuccessfulbuild"에 연결(touching)하고 있습니다.
       ClCompile:
         모든 출력이 최신 상태입니다.
         C:\Program Files (x86)\Microsoft Visual Studio 12.0\VC\bin\CL.exe /c /Zi /nologo /W3 /WX- /O2 /Oi /Oy- /GL /D WIN32 /D NDEBUG /D _CONSOLE /D _LIB /D _UNICODE /D UNICODE /Gm- /EHsc /MD /GS /Gy /fp:precise /Zc:wchar_t /Zc:forScope /Fo"Release\\" /Fd"Release\vc120.pdb" /Gd /TP /analyze- /errorReport:prompt Bubble.cpp BubbleSort.cpp
         Bubble.cpp
         BubbleSort.cpp
       Link:
         C:\Program Files (x86)\Microsoft Visual Studio 12.0\VC\bin\link.exe /ERRORREPORT:PROMPT /OUT:"G:\개발\DataStructure\Release\BubbleSort.exe" /INCREMENTAL:NO /NOLOGO kernel32.lib user32.lib gdi32.lib winspool.lib comdlg32.lib advapi32.lib shell32.lib ole32.lib oleaut32.lib uuid.lib odbc32.lib odbccp32.lib /MANIFEST /MANIFESTUAC:"level='asInvoker' uiAccess='false'" /manifest:embed /DEBUG /PDB:"G:\개발\DataStructure\Release\BubbleSort.pdb" /SUBSYSTEM:CONSOLE /OPT:REF /OPT:ICF /LTCG /TLBID:1 /DYNAMICBASE /NXCOMPAT /IMPLIB:"G:\개발\DataStructure\Release\BubbleSort.lib" /MACHINE:X86 /SAFESEH Release\Bubble.obj
         Release\BubbleSort.obj
         Release\stdafx.obj
         코드를 생성하고 있습니다.
         코드를 생성했습니다.
         BubbleSort.vcxproj -> G:\개발\DataStructure\Release\BubbleSort.exe
       FinalizeBuildStatus:
         "Release\BubbleSort.tlog\unsuccessfulbuild" 파일을 삭제하고 있습니다.
         "Release\BubbleSort.tlog\BubbleSort.lastbuildstate"에 연결(touching)하고 있습니다.
     1>"G:\개발\DataStructure\BubbleSort\BubbleSort.vcxproj" 프로젝트를 빌드했습니다(Build 대상).

빌드했습니다.

경과 시간: 00:00:01.52
