빌드 시작: 2018-09-06 오전 1:06:06
     1>3 노드의 "G:\개발\DataStructure\Sort\Bubble\Bubble.vcxproj" 프로젝트(Rebuild 대상)입니다.
     1>InitializeBuildStatus:
         "AlwaysCreate"이(가) 지정되었기 때문에 "Release\Bubble.tlog\unsuccessfulbuild"을(를) 만들고 있습니다.
       ClCompile:
         C:\Program Files (x86)\Microsoft Visual Studio 12.0\VC\bin\CL.exe /c /Zi /nologo /W3 /WX- /O2 /Oi /Oy- /GL /D WIN32 /D NDEBUG /D _CONSOLE /D _LIB /D _UNICODE /D UNICODE /Gm- /EHsc /MD /GS /Gy /fp:precise /Zc:wchar_t /Zc:forScope /Fo"Release\\" /Fd"Release\vc120.pdb" /Gd /TP /analyze- /errorReport:prompt Bubble.cpp stdafx.cpp
         Bubble.cpp
         stdafx.cpp
       Link:
         C:\Program Files (x86)\Microsoft Visual Studio 12.0\VC\bin\link.exe /ERRORREPORT:PROMPT /OUT:"G:\개발\DataStructure\Release\Bubble.exe" /INCREMENTAL:NO /NOLOGO kernel32.lib user32.lib gdi32.lib winspool.lib comdlg32.lib advapi32.lib shell32.lib ole32.lib oleaut32.lib uuid.lib odbc32.lib odbccp32.lib /MANIFEST /MANIFESTUAC:"level='asInvoker' uiAccess='false'" /manifest:embed /DEBUG /PDB:"G:\개발\DataStructure\Release\Bubble.pdb" /SUBSYSTEM:CONSOLE /OPT:REF /OPT:ICF /LTCG /TLBID:1 /DYNAMICBASE /NXCOMPAT /IMPLIB:"G:\개발\DataStructure\Release\Bubble.lib" /MACHINE:X86 /SAFESEH Release\Bubble.obj
         Release\stdafx.obj
         코드를 생성하고 있습니다.
         코드를 생성했습니다.
         Bubble.vcxproj -> G:\개발\DataStructure\Release\Bubble.exe
       FinalizeBuildStatus:
         "Release\Bubble.tlog\unsuccessfulbuild" 파일을 삭제하고 있습니다.
         "Release\Bubble.tlog\Bubble.lastbuildstate"에 연결(touching)하고 있습니다.
     1>"G:\개발\DataStructure\Sort\Bubble\Bubble.vcxproj" 프로젝트를 빌드했습니다(Rebuild 대상).

빌드했습니다.

경과 시간: 00:00:00.88
