빌드 시작: 2018-09-06 오전 12:59:30
     1>3 노드의 "G:\개발\DataStructure\Sort\Bubble\Bubble.vcxproj" 프로젝트(Rebuild 대상)입니다.
     1>_PrepareForClean:
         "Debug\Bubble.tlog\Bubble.lastbuildstate" 파일을 삭제하고 있습니다.
       InitializeBuildStatus:
         "AlwaysCreate"이(가) 지정되었기 때문에 "Debug\Bubble.tlog\unsuccessfulbuild"을(를) 만들고 있습니다.
       ClCompile:
         C:\Program Files (x86)\Microsoft Visual Studio 12.0\VC\bin\CL.exe /c /ZI /nologo /W3 /WX- /Od /Oy- /D WIN32 /D _DEBUG /D _CONSOLE /D _LIB /D _UNICODE /D UNICODE /Gm /EHsc /RTC1 /MDd /GS /fp:precise /Zc:wchar_t /Zc:forScope /Fo"Debug\\" /Fd"Debug\vc120.pdb" /Gd /TP /analyze- /errorReport:prompt Bubble.cpp stdafx.cpp
         stdafx.cpp
         Bubble.cpp
         코드를 생성하고 있습니다...
       Link:
         C:\Program Files (x86)\Microsoft Visual Studio 12.0\VC\bin\link.exe /ERRORREPORT:PROMPT /OUT:"G:\개발\DataStructure\Debug\Bubble.exe" /INCREMENTAL /NOLOGO kernel32.lib user32.lib gdi32.lib winspool.lib comdlg32.lib advapi32.lib shell32.lib ole32.lib oleaut32.lib uuid.lib odbc32.lib odbccp32.lib /MANIFEST /MANIFESTUAC:"level='asInvoker' uiAccess='false'" /manifest:embed /DEBUG /PDB:"G:\개발\DataStructure\Debug\Bubble.pdb" /SUBSYSTEM:CONSOLE /TLBID:1 /DYNAMICBASE /NXCOMPAT /IMPLIB:"G:\개발\DataStructure\Debug\Bubble.lib" /MACHINE:X86 Debug\Bubble.obj
         Debug\stdafx.obj
         Bubble.vcxproj -> G:\개발\DataStructure\Debug\Bubble.exe
       FinalizeBuildStatus:
         "Debug\Bubble.tlog\unsuccessfulbuild" 파일을 삭제하고 있습니다.
         "Debug\Bubble.tlog\Bubble.lastbuildstate"에 연결(touching)하고 있습니다.
     1>"G:\개발\DataStructure\Sort\Bubble\Bubble.vcxproj" 프로젝트를 빌드했습니다(Rebuild 대상).

빌드했습니다.

경과 시간: 00:00:01.23
